<?xml version="1.0" encoding="UTF-8"?>
<!-- Generated by org.testng.reporters.JUnitXMLReporter -->
<testsuite hostname="DESKTOP-8OBLECF" ignored="0" name="regressionscenario" tests="7" failures="0" timestamp="21 Nov 2020 02:28:10 GMT" time="20.059" errors="0">
  <testcase name="test1" time="0.002" classname="testngdemos.MyFirstTestNG"/>
  <testcase name="test2" time="5.002" classname="testngdemos.MyFirstTestNG"/>
  <testcase name="test3" time="15.005" classname="testngdemos.MyFirstTestNG"/>
  <testcase name="openBrowser" time="0.012" classname="testngdemos.MyFirstTestNG2"/>
  <testcase name="loginToApplication" time="0.007" classname="testngdemos.MyFirstTestNG2"/>
  <testcase name="logout" time="0.002" classname="testngdemos.MyFirstTestNG2"/>
  <testcase name="closeBrowser" time="0.001" classname="testngdemos.MyFirstTestNG2"/>
</testsuite> <!-- regressionscenario -->
