<?xml version="1.0" encoding="UTF-8"?>
<!-- Generated by org.testng.reporters.JUnitXMLReporter -->
<testsuite hostname="DESKTOP-8OBLECF" ignored="0" name="smokescenario" tests="11" failures="6" timestamp="21 Nov 2020 02:27:50 GMT" time="0.267" errors="0">
  <testcase name="test1" time="0.032" classname="testngdemos.MyFirstTestNG3"/>
  <testcase name="test2" time="0.005" classname="testngdemos.MyFirstTestNG3">
    <failure type="java.lang.AssertionError" message="expected [false] but found [true]">
      <![CDATA[java.lang.AssertionError: expected [false] but found [true]
at testngdemos.MyFirstTestNG3.test2(MyFirstTestNG3.java:18)
... Removed 31 stack frames]]>
    </failure>
  </testcase> <!-- test2 -->
  <testcase name="test3" time="0.009" classname="testngdemos.MyFirstTestNG3">
    <failure type="java.lang.AssertionError" message="Test failed please check expected [false] but found [true]">
      <![CDATA[java.lang.AssertionError: Test failed please check expected [false] but found [true]
at testngdemos.MyFirstTestNG3.test3(MyFirstTestNG3.java:25)
... Removed 30 stack frames]]>
    </failure>
  </testcase> <!-- test3 -->
  <testcase name="test4" time="0.007" classname="testngdemos.MyFirstTestNG3"/>
  <testcase name="test1" time="0.002" classname="testngdemos.MyFirstTestNG4"/>
  <testcase name="test2" time="0.004" classname="testngdemos.MyFirstTestNG4">
    <failure type="java.lang.AssertionError" message="expected [false] but found [true]">
      <![CDATA[java.lang.AssertionError: expected [false] but found [true]
at testngdemos.MyFirstTestNG4.test2(MyFirstTestNG4.java:21)
... Removed 31 stack frames]]>
    </failure>
  </testcase> <!-- test2 -->
  <testcase name="test3" time="0.004" classname="testngdemos.MyFirstTestNG4">
    <failure type="java.lang.AssertionError" message="expected [Please Enter your username] but found [Please enter your username]">
      <![CDATA[java.lang.AssertionError: expected [Please Enter your username] but found [Please enter your username]
at testngdemos.MyFirstTestNG4.test3(MyFirstTestNG4.java:30)
... Removed 31 stack frames]]>
    </failure>
  </testcase> <!-- test3 -->
  <testcase name="test4" time="0.017" classname="testngdemos.MyFirstTestNG4">
    <failure type="java.lang.AssertionError" message="expected [Please enter your username ] but found [Please enter your username]">
      <![CDATA[java.lang.AssertionError: expected [Please enter your username ] but found [Please enter your username]
at testngdemos.MyFirstTestNG4.test4(MyFirstTestNG4.java:39)
... Removed 31 stack frames]]>
    </failure>
  </testcase> <!-- test4 -->
  <testcase name="test5" time="0.009" classname="testngdemos.MyFirstTestNG4"/>
  <testcase name="test6" time="0.003" classname="testngdemos.MyFirstTestNG4"/>
  <testcase name="test7" time="0.004" classname="testngdemos.MyFirstTestNG4">
    <failure type="java.lang.AssertionError" message="expected [false] but found [true]">
      <![CDATA[java.lang.AssertionError: expected [false] but found [true]
at testngdemos.MyFirstTestNG4.test7(MyFirstTestNG4.java:63)
... Removed 31 stack frames]]>
    </failure>
  </testcase> <!-- test7 -->
</testsuite> <!-- smokescenario -->
