<?xml version="1.0" encoding="UTF-8"?>
<testng-results skipped="0" failed="0" ignored="0" total="1" passed="1">
  <reporter-output>
  </reporter-output>
  <suite name="Default suite" duration-ms="1378" started-at="2020-11-22T04:21:36Z" finished-at="2020-11-22T04:21:37Z">
    <groups>
    </groups>
    <test name="Default test" duration-ms="1378" started-at="2020-11-22T04:21:36Z" finished-at="2020-11-22T04:21:37Z">
      <class name="readingdataExcel.ExtentReportDemo">
        <test-method status="PASS" signature="reportGenerate()[pri:0, instance:readingdataExcel.ExtentReportDemo@4b44655e]" name="reportGenerate" duration-ms="1270" started-at="2020-11-22T04:21:36Z" finished-at="2020-11-22T04:21:37Z">
          <reporter-output>
          </reporter-output>
        </test-method> <!-- reportGenerate -->
      </class> <!-- readingdataExcel.ExtentReportDemo -->
    </test> <!-- Default test -->
  </suite> <!-- Default suite -->
</testng-results>
