<?xml version="1.0" encoding="UTF-8"?>
<!-- Generated by org.testng.reporters.JUnitXMLReporter -->
<testsuite hostname="DESKTOP-8OBLECF" ignored="0" name="Test" tests="1" failures="1" timestamp="21 Nov 2020 02:53:45 GMT" time="0.063" errors="0">
  <testcase name="login" time="0.0" classname="testngdemos.LoginOrangeHRM">
    <failure type="org.testng.TestNGException" message="
Parameter &amp;apos;BrowserType&amp;apos; is required by @Test on method login but has not been marked @Optional or defined
in C:\Users\USER\eclipse-workspace_Sep_batch_2020\seleniumsepbatch\CrossBrowser.xml">
      <![CDATA[org.testng.TestNGException: 
Parameter 'BrowserType' is required by @Test on method login but has not been marked @Optional or defined
in C:\Users\USER\eclipse-workspace_Sep_batch_2020\seleniumsepbatch\CrossBrowser.xml
... Removed 24 stack frames]]>
    </failure>
  </testcase> <!-- login -->
</testsuite> <!-- Test -->
